2024-12-19 17:51:10,011 INFO org.springframework.boot.StartupInfoLogger [main] Starting BatchProcessApplication using Java 1.8.0_202 on DESKTOP-R18GS1D with PID 15532 (F:\BatchProcessApp\BatchProcessApp\target\classes started by User in F:\BatchProcessApp\BatchProcessApp)
2024-12-19 17:51:10,019 INFO org.springframework.boot.SpringApplication [main] No active profile set, falling back to 1 default profile: "default"
2024-12-19 17:51:13,263 INFO org.springframework.data.repository.config.RepositoryConfigurationDelegate [main] Bootstrapping Spring Data JPA repositories in DEFAULT mode.
2024-12-19 17:51:13,575 INFO org.springframework.data.repository.config.RepositoryConfigurationDelegate [main] Finished Spring Data repository scanning in 277 ms. Found 1 JPA repository interfaces.
2024-12-19 17:51:17,292 INFO org.springframework.boot.web.embedded.tomcat.TomcatWebServer [main] Tomcat initialized with port(s): 8082 (http)
2024-12-19 17:51:17,320 INFO org.apache.juli.logging.DirectJDKLog [main] Initializing ProtocolHandler ["http-nio-8082"]
2024-12-19 17:51:17,325 INFO org.apache.juli.logging.DirectJDKLog [main] Starting service [Tomcat]
2024-12-19 17:51:17,331 INFO org.apache.juli.logging.DirectJDKLog [main] Starting Servlet engine: [Apache Tomcat/9.0.73]
2024-12-19 17:51:18,043 INFO org.apache.juli.logging.DirectJDKLog [main] Initializing Spring embedded WebApplicationContext
2024-12-19 17:51:18,044 INFO org.springframework.boot.web.servlet.context.ServletWebServerApplicationContext [main] Root WebApplicationContext: initialization completed in 7748 ms
2024-12-19 17:51:18,543 INFO com.zaxxer.hikari.HikariDataSource [main] HikariPool-1 - Starting...
2024-12-19 17:51:20,548 INFO com.zaxxer.hikari.HikariDataSource [main] HikariPool-1 - Start completed.
2024-12-19 17:51:21,544 INFO org.hibernate.jpa.internal.util.LogHelper [main] HHH000204: Processing PersistenceUnitInfo [name: default]
2024-12-19 17:51:21,714 INFO org.hibernate.Version [main] HHH000412: Hibernate ORM core version 5.6.15.Final
2024-12-19 17:51:22,312 INFO org.hibernate.annotations.common.reflection.java.JavaReflectionManager [main] HCANN000001: Hibernate Commons Annotations {5.1.2.Final}
2024-12-19 17:51:22,730 INFO org.hibernate.dialect.Dialect [main] HHH000400: Using dialect: org.hibernate.dialect.MySQL8Dialect
2024-12-19 17:51:25,381 INFO org.hibernate.engine.transaction.jta.platform.internal.JtaPlatformInitiator [main] HHH000490: Using JtaPlatform implementation: [org.hibernate.engine.transaction.jta.platform.internal.NoJtaPlatform]
2024-12-19 17:51:25,412 INFO org.springframework.orm.jpa.AbstractEntityManagerFactoryBean [main] Initialized JPA EntityManagerFactory for persistence unit 'default'
2024-12-19 17:51:29,740 WARN org.springframework.boot.autoconfigure.orm.jpa.JpaBaseConfiguration$JpaWebConfiguration [main] spring.jpa.open-in-view is enabled by default. Therefore, database queries may be performed during view rendering. Explicitly configure spring.jpa.open-in-view to disable this warning
2024-12-19 17:51:31,425 WARN org.springframework.boot.autoconfigure.batch.JpaBatchConfigurer [main] JPA does not support custom isolation levels, so locks may not be taken when launching Jobs. To silence this warning, set 'spring.batch.jdbc.isolation-level-for-create' to 'default'.
2024-12-19 17:51:31,452 INFO org.springframework.batch.core.repository.support.JobRepositoryFactoryBean [main] No database type set, using meta data indicating: MYSQL
2024-12-19 17:51:31,595 INFO org.springframework.batch.core.launch.support.SimpleJobLauncher [main] No TaskExecutor has been set, defaulting to synchronous executor.
2024-12-19 17:51:32,031 INFO org.apache.juli.logging.DirectJDKLog [main] Starting ProtocolHandler ["http-nio-8082"]
2024-12-19 17:51:32,158 INFO org.springframework.boot.web.embedded.tomcat.TomcatWebServer [main] Tomcat started on port(s): 8082 (http) with context path ''
2024-12-19 17:51:32,193 INFO org.springframework.boot.StartupInfoLogger [main] Started BatchProcessApplication in 23.331 seconds (JVM running for 24.893)
2024-12-19 17:57:17,247 INFO org.springframework.test.context.support.AbstractTestContextBootstrapper [main] Neither @ContextConfiguration nor @ContextHierarchy found for test class [demo.BatchProcess.Test.BatchProcessApplicationTests], using SpringBootContextLoader
2024-12-19 17:57:17,264 INFO org.springframework.test.context.support.AbstractContextLoader [main] Could not detect default resource locations for test class [demo.BatchProcess.Test.BatchProcessApplicationTests]: no resource found for suffixes {-context.xml, Context.groovy}.
2024-12-19 17:57:17,266 INFO org.springframework.test.context.support.AnnotationConfigContextLoaderUtils [main] Could not detect default configuration classes for test class [demo.BatchProcess.Test.BatchProcessApplicationTests]: BatchProcessApplicationTests does not declare any static, non-private, non-final, nested classes annotated with @Configuration.
2024-12-19 17:57:18,213 INFO org.springframework.boot.test.context.SpringBootTestContextBootstrapper [main] Found @SpringBootConfiguration demo.BatchProcess.BatchProcessApplication for test class demo.BatchProcess.Test.BatchProcessApplicationTests
2024-12-19 17:57:19,141 INFO org.springframework.test.context.support.AbstractTestContextBootstrapper [main] Loaded default TestExecutionListener class names from location [META-INF/spring.factories]: [org.springframework.boot.test.mock.mockito.MockitoTestExecutionListener, org.springframework.boot.test.mock.mockito.ResetMocksTestExecutionListener, org.springframework.boot.test.autoconfigure.restdocs.RestDocsTestExecutionListener, org.springframework.boot.test.autoconfigure.web.client.MockRestServiceServerResetTestExecutionListener, org.springframework.boot.test.autoconfigure.web.servlet.MockMvcPrintOnlyOnFailureTestExecutionListener, org.springframework.boot.test.autoconfigure.web.servlet.WebDriverTestExecutionListener, org.springframework.boot.test.autoconfigure.webservices.client.MockWebServiceServerTestExecutionListener, org.springframework.test.context.web.ServletTestExecutionListener, org.springframework.test.context.support.DirtiesContextBeforeModesTestExecutionListener, org.springframework.test.context.event.ApplicationEventsTestExecutionListener, org.springframework.test.context.support.DependencyInjectionTestExecutionListener, org.springframework.test.context.support.DirtiesContextTestExecutionListener, org.springframework.test.context.transaction.TransactionalTestExecutionListener, org.springframework.test.context.jdbc.SqlScriptsTestExecutionListener, org.springframework.test.context.event.EventPublishingTestExecutionListener]
2024-12-19 17:57:19,354 INFO org.springframework.test.context.support.AbstractTestContextBootstrapper [main] Using TestExecutionListeners: [org.springframework.test.context.web.ServletTestExecutionListener@7d7758be, org.springframework.test.context.support.DirtiesContextBeforeModesTestExecutionListener@2bdd8394, org.springframework.test.context.event.ApplicationEventsTestExecutionListener@5f9edf14, org.springframework.boot.test.mock.mockito.MockitoTestExecutionListener@68746f22, org.springframework.boot.test.autoconfigure.SpringBootDependencyInjectionTestExecutionListener@2f01783a, org.springframework.test.context.support.DirtiesContextTestExecutionListener@68878f6d, org.springframework.test.context.transaction.TransactionalTestExecutionListener@41488b16, org.springframework.test.context.jdbc.SqlScriptsTestExecutionListener@a8ef162, org.springframework.test.context.event.EventPublishingTestExecutionListener@2eea88a1, org.springframework.boot.test.mock.mockito.ResetMocksTestExecutionListener@7ac296f6, org.springframework.boot.test.autoconfigure.restdocs.RestDocsTestExecutionListener@7fd7a283, org.springframework.boot.test.autoconfigure.web.client.MockRestServiceServerResetTestExecutionListener@22f59fa, org.springframework.boot.test.autoconfigure.web.servlet.MockMvcPrintOnlyOnFailureTestExecutionListener@78fa769e, org.springframework.boot.test.autoconfigure.web.servlet.WebDriverTestExecutionListener@16612a51, org.springframework.boot.test.autoconfigure.webservices.client.MockWebServiceServerTestExecutionListener@54e041a4]
2024-12-19 17:57:20,947 INFO org.springframework.boot.StartupInfoLogger [main] Starting BatchProcessApplicationTests using Java 1.8.0_202 on DESKTOP-R18GS1D with PID 12380 (started by User in F:\BatchProcessApp\BatchProcessApp)
2024-12-19 17:57:20,949 INFO org.springframework.boot.SpringApplication [main] No active profile set, falling back to 1 default profile: "default"
2024-12-19 17:57:23,687 INFO org.springframework.data.repository.config.RepositoryConfigurationDelegate [main] Bootstrapping Spring Data JPA repositories in DEFAULT mode.
2024-12-19 17:57:24,255 INFO org.springframework.data.repository.config.RepositoryConfigurationDelegate [main] Finished Spring Data repository scanning in 541 ms. Found 1 JPA repository interfaces.
2024-12-19 17:57:27,185 INFO com.zaxxer.hikari.HikariDataSource [main] HikariPool-1 - Starting...
2024-12-19 17:57:29,134 INFO com.zaxxer.hikari.HikariDataSource [main] HikariPool-1 - Start completed.
2024-12-19 17:57:30,196 INFO org.hibernate.jpa.internal.util.LogHelper [main] HHH000204: Processing PersistenceUnitInfo [name: default]
2024-12-19 17:57:30,673 INFO org.hibernate.Version [main] HHH000412: Hibernate ORM core version 5.6.15.Final
2024-12-19 17:57:31,123 INFO org.hibernate.annotations.common.reflection.java.JavaReflectionManager [main] HCANN000001: Hibernate Commons Annotations {5.1.2.Final}
2024-12-19 17:57:31,670 INFO org.hibernate.dialect.Dialect [main] HHH000400: Using dialect: org.hibernate.dialect.MySQL8Dialect
2024-12-19 17:57:32,981 INFO org.hibernate.engine.transaction.jta.platform.internal.JtaPlatformInitiator [main] HHH000490: Using JtaPlatform implementation: [org.hibernate.engine.transaction.jta.platform.internal.NoJtaPlatform]
2024-12-19 17:57:33,018 INFO org.springframework.orm.jpa.AbstractEntityManagerFactoryBean [main] Initialized JPA EntityManagerFactory for persistence unit 'default'
2024-12-19 17:57:36,747 WARN org.springframework.boot.autoconfigure.orm.jpa.JpaBaseConfiguration$JpaWebConfiguration [main] spring.jpa.open-in-view is enabled by default. Therefore, database queries may be performed during view rendering. Explicitly configure spring.jpa.open-in-view to disable this warning
2024-12-19 17:57:40,338 WARN org.springframework.boot.autoconfigure.batch.JpaBatchConfigurer [main] JPA does not support custom isolation levels, so locks may not be taken when launching Jobs. To silence this warning, set 'spring.batch.jdbc.isolation-level-for-create' to 'default'.
2024-12-19 17:57:40,370 INFO org.springframework.batch.core.repository.support.JobRepositoryFactoryBean [main] No database type set, using meta data indicating: MYSQL
2024-12-19 17:57:40,503 INFO org.springframework.batch.core.launch.support.SimpleJobLauncher [main] No TaskExecutor has been set, defaulting to synchronous executor.
2024-12-19 17:57:41,336 INFO org.springframework.boot.StartupInfoLogger [main] Started BatchProcessApplicationTests in 21.795 seconds (JVM running for 27.859)
2024-12-19 17:57:41,724 INFO demo.BatchProcess.Service.AccountsDetailServiceImpl [main] getting accounts detail by account number started
2024-12-19 17:57:42,467 INFO demo.BatchProcess.Service.AccountsDetailServiceImpl [main] getting accounts detail List started
2024-12-19 17:57:43,124 INFO org.springframework.orm.jpa.AbstractEntityManagerFactoryBean [SpringApplicationShutdownHook] Closing JPA EntityManagerFactory for persistence unit 'default'
2024-12-19 17:57:43,138 INFO com.zaxxer.hikari.HikariDataSource [SpringApplicationShutdownHook] HikariPool-1 - Shutdown initiated...
2024-12-19 17:57:43,257 INFO com.zaxxer.hikari.HikariDataSource [SpringApplicationShutdownHook] HikariPool-1 - Shutdown completed.
